[2023-12-12 22:24:44.674] [info] [Success] User Loggend in successfully with the email name3@example.com
[2023-12-12 22:24:45.009] [info] [Success] User Fetched successfully with the Id 657830727dcb3f191c01ca41
[2023-12-12 22:24:45.976] [info] [Success] Movies fetched successfullly from the database
[2023-12-12 22:24:46.217] [info] [Success] User Fetched successfully with the Id 657830727dcb3f191c01ca41
[2023-12-12 22:24:46.700] [info] [Success] Movies fetched successfullly from the database
[2023-12-12 22:27:16.789] [info] [Success] User Fetched successfully with the Id 657830727dcb3f191c01ca41
[2023-12-12 22:27:16.792] [info] [Success] User Fetched successfully with the Id 657830727dcb3f191c01ca41
[2023-12-12 22:27:17.070] [info] [Success] Movies fetched successfullly from the database
[2023-12-12 22:27:19.221] [info] [Success] Movies fetched successfullly from the database
[2023-12-12 22:27:22.186] [info] [Success] Artists fetched successfullly from the database
[2023-12-12 22:27:22.188] [info] [Success] Artists fetched successfullly from the database
[2023-12-12 22:28:34.637] [info] [Success] Movie Added successfullly to the database
[2023-12-12 22:28:35.383] [info] [Success] Movies fetched successfullly from the database
[2023-12-12 22:28:37.043] [info] [Success] Movies fetched successfullly from the database
[2023-12-12 22:28:39.665] [info] [Success] Artists fetched successfullly from the database
[2023-12-12 22:28:39.669] [info] [Success] Artists fetched successfullly from the database
[2023-12-12 22:28:41.420] [info] [Success] User Fetched successfully
[2023-12-12 22:28:41.424] [info] [Success] User Fetched successfully
[2023-12-12 22:28:42.633] [info] [Success] Movies fetched successfullly from the database
[2023-12-12 22:28:42.645] [info] [Success] Movies fetched successfullly from the database
[2023-12-12 22:28:45.773] [info] [Success] Fetched all reviews successfullly from the database
[2023-12-12 22:28:46.833] [info] [Success] Fetched all reviews successfullly from the database
[2023-12-12 22:28:51.368] [info] [Success] User Fetched successfully with the Id 657830727dcb3f191c01ca41
[2023-12-12 22:28:51.372] [info] [Success] User Fetched successfully with the Id 657830727dcb3f191c01ca41
[2023-12-12 22:28:52.089] [info] [Success] Movies fetched successfullly from the database
[2023-12-12 22:28:52.092] [info] [Success] Movies fetched successfullly from the database
